# JRE version: OpenJDK Runtime Environment Temurin-21.0.5+11 (21.0.5+11) (build 21.0.5+11-LTS)
# Java VM: OpenJDK 64-Bit Server VM Temurin-21.0.5+11 (21.0.5+11-LTS, mixed mode, sharing, tiered, compressed oops, compressed class ptrs, parallel gc, windows-amd64)
GC Precious Log:
 CardTable entry size: 512
 CPUs: 4 total, 4 available
 Memory: 4013M
 Large Page Support: Disabled
 NUMA Support: Disabled
 Compressed Oops: Enabled (32-bit)
 Alignments: Space 512K, Generation 512K, Heap 2M
 Heap Min Capacity: 100M
 Heap Initial Capacity: 100M
 Heap Max Capacity: 1G
 Pre-touch: Disabled
 Parallel Workers: 4
Heap:
 PSYoungGen      total 2560K, used 1369K [0x00000000eab00000, 0x00000000eb000000, 0x0000000100000000)
  eden space 2048K, 60% used [0x00000000eab00000,0x00000000eac36720,0x00000000ead00000)
  from space 512K, 25% used [0x00000000eaf80000,0x00000000eafa0000,0x00000000eb000000)
  to   space 1024K, 0% used [0x00000000eae00000,0x00000000eae00000,0x00000000eaf00000)
 ParOldGen       total 697344K, used 696976K [0x00000000c0000000, 0x00000000ea900000, 0x00000000eab00000)
  object space 697344K, 99% used [0x00000000c0000000,0x00000000ea8a4278,0x00000000ea900000)
 Metaspace       used 77235K, committed 78848K, reserved 1179648K
  class space    used 7940K, committed 8640K, reserved 1048576K
GC Heap History (20 events):
Event: 367.882 GC heap before
{Heap before GC invocations=1196 (full 3):
 PSYoungGen      total 4096K, used 3858K [0x00000000eab00000, 0x00000000eb080000, 0x0000000100000000)
  eden space 2560K, 100% used [0x00000000eab00000,0x00000000ead80000,0x00000000ead80000)
  from space 1536K, 84% used [0x00000000eaf00000,0x00000000eb044aa8,0x00000000eb080000)
  to   space 1536K, 0% used [0x00000000ead80000,0x00000000ead80000,0x00000000eaf00000)
 ParOldGen       total 685056K, used 684802K [0x00000000c0000000, 0x00000000e9d00000, 0x00000000eab00000)
  object space 685056K, 99% used [0x00000000c0000000,0x00000000e9cc0868,0x00000000e9d00000)
 Metaspace       used 76878K, committed 78464K, reserved 1179648K
  class space    used 7910K, committed 8576K, reserved 1048576K
}
Event: 367.890 GC heap after
{Heap after GC invocations=1196 (full 3):
 PSYoungGen      total 4096K, used 1507K [0x00000000eab00000, 0x00000000eb380000, 0x0000000100000000)
  eden space 2560K, 0% used [0x00000000eab00000,0x00000000eab00000,0x00000000ead80000)
  from space 1536K, 98% used [0x00000000ead80000,0x00000000eaef8ff8,0x00000000eaf00000)
  to   space 3072K, 0% used [0x00000000eb080000,0x00000000eb080000,0x00000000eb380000)
 ParOldGen       total 686080K, used 685730K [0x00000000c0000000, 0x00000000e9e00000, 0x00000000eab00000)
  object space 686080K, 99% used [0x00000000c0000000,0x00000000e9da88b8,0x00000000e9e00000)
 Metaspace       used 76878K, committed 78464K, reserved 1179648K
  class space    used 7910K, committed 8576K, reserved 1048576K
}
Event: 367.942 GC heap before
{Heap before GC invocations=1197 (full 3):
 PSYoungGen      total 4096K, used 4067K [0x00000000eab00000, 0x00000000eb380000, 0x0000000100000000)
  eden space 2560K, 100% used [0x00000000eab00000,0x00000000ead80000,0x00000000ead80000)
  from space 1536K, 98% used [0x00000000ead80000,0x00000000eaef8ff8,0x00000000eaf00000)
  to   space 3072K, 0% used [0x00000000eb080000,0x00000000eb080000,0x00000000eb380000)
 ParOldGen       total 686080K, used 685730K [0x00000000c0000000, 0x00000000e9e00000, 0x00000000eab00000)
  object space 686080K, 99% used [0x00000000c0000000,0x00000000e9da88b8,0x00000000e9e00000)
 Metaspace       used 76878K, committed 78464K, reserved 1179648K
  class space    used 7910K, committed 8576K, reserved 1048576K
}
Event: 367.947 GC heap after
{Heap after GC invocations=1197 (full 3):
 PSYoungGen      total 3584K, used 772K [0x00000000eab00000, 0x00000000eb180000, 0x0000000100000000)
  eden space 2560K, 0% used [0x00000000eab00000,0x00000000eab00000,0x00000000ead80000)
  from space 1024K, 75% used [0x00000000eb080000,0x00000000eb141008,0x00000000eb180000)
  to   space 1536K, 0% used [0x00000000eae80000,0x00000000eae80000,0x00000000eb000000)
 ParOldGen       total 687104K, used 686669K [0x00000000c0000000, 0x00000000e9f00000, 0x00000000eab00000)
  object space 687104K, 99% used [0x00000000c0000000,0x00000000e9e93658,0x00000000e9f00000)
 Metaspace       used 76878K, committed 78464K, reserved 1179648K
  class space    used 7910K, committed 8576K, reserved 1048576K
}
Event: 368.061 GC heap before
{Heap before GC invocations=1198 (full 3):
 PSYoungGen      total 3584K, used 3332K [0x00000000eab00000, 0x00000000eb180000, 0x0000000100000000)
  eden space 2560K, 100% used [0x00000000eab00000,0x00000000ead80000,0x00000000ead80000)
  from space 1024K, 75% used [0x00000000eb080000,0x00000000eb141008,0x00000000eb180000)
  to   space 1536K, 0% used [0x00000000eae80000,0x00000000eae80000,0x00000000eb000000)
 ParOldGen       total 687104K, used 686669K [0x00000000c0000000, 0x00000000e9f00000, 0x00000000eab00000)
  object space 687104K, 99% used [0x00000000c0000000,0x00000000e9e93658,0x00000000e9f00000)
 Metaspace       used 76878K, committed 78464K, reserved 1179648K
  class space    used 7910K, committed 8576K, reserved 1048576K
}
Event: 368.066 GC heap after
{Heap after GC invocations=1198 (full 3):
 PSYoungGen      total 4096K, used 1528K [0x00000000eab00000, 0x00000000eb380000, 0x0000000100000000)
  eden space 2560K, 0% used [0x00000000eab00000,0x00000000eab00000,0x00000000ead80000)
  from space 1536K, 99% used [0x00000000eae80000,0x00000000eaffe160,0x00000000eb000000)
  to   space 3072K, 0% used [0x00000000eb080000,0x00000000eb080000,0x00000000eb380000)
 ParOldGen       total 688128K, used 687648K [0x00000000c0000000, 0x00000000ea000000, 0x00000000eab00000)
  object space 688128K, 99% used [0x00000000c0000000,0x00000000e9f88240,0x00000000ea000000)
 Metaspace       used 76878K, committed 78464K, reserved 1179648K
  class space    used 7910K, committed 8576K, reserved 1048576K
}
Event: 368.115 GC heap before
{Heap before GC invocations=1199 (full 3):
 PSYoungGen      total 4096K, used 4088K [0x00000000eab00000, 0x00000000eb380000, 0x0000000100000000)
  eden space 2560K, 100% used [0x00000000eab00000,0x00000000ead80000,0x00000000ead80000)
  from space 1536K, 99% used [0x00000000eae80000,0x00000000eaffe160,0x00000000eb000000)
  to   space 3072K, 0% used [0x00000000eb080000,0x00000000eb080000,0x00000000eb380000)
 ParOldGen       total 688128K, used 687648K [0x00000000c0000000, 0x00000000ea000000, 0x00000000eab00000)
  object space 688128K, 99% used [0x00000000c0000000,0x00000000e9f88240,0x00000000ea000000)
 Metaspace       used 76878K, committed 78464K, reserved 1179648K
  class space    used 7910K, committed 8576K, reserved 1048576K
}
Event: 368.120 GC heap after
{Heap after GC invocations=1199 (full 3):
 PSYoungGen      total 3584K, used 987K [0x00000000eab00000, 0x00000000eb180000, 0x0000000100000000)
  eden space 2560K, 0% used [0x00000000eab00000,0x00000000eab00000,0x00000000ead80000)
  from space 1024K, 96% used [0x00000000eb080000,0x00000000eb176da0,0x00000000eb180000)
  to   space 2048K, 0% used [0x00000000ead80000,0x00000000ead80000,0x00000000eaf80000)
 ParOldGen       total 688640K, used 688225K [0x00000000c0000000, 0x00000000ea080000, 0x00000000eab00000)
  object space 688640K, 99% used [0x00000000c0000000,0x00000000ea018648,0x00000000ea080000)
 Metaspace       used 76878K, committed 78464K, reserved 1179648K
  class space    used 7910K, committed 8576K, reserved 1048576K
}
Event: 368.194 GC heap before
{Heap before GC invocations=1200 (full 3):
 PSYoungGen      total 3584K, used 3547K [0x00000000eab00000, 0x00000000eb180000, 0x0000000100000000)
  eden space 2560K, 100% used [0x00000000eab00000,0x00000000ead80000,0x00000000ead80000)
  from space 1024K, 96% used [0x00000000eb080000,0x00000000eb176da0,0x00000000eb180000)
  to   space 2048K, 0% used [0x00000000ead80000,0x00000000ead80000,0x00000000eaf80000)
 ParOldGen       total 688640K, used 688225K [0x00000000c0000000, 0x00000000ea080000, 0x00000000eab00000)
  object space 688640K, 99% used [0x00000000c0000000,0x00000000ea018648,0x00000000ea080000)
 Metaspace       used 76879K, committed 78464K, reserved 1179648K
  class space    used 7910K, committed 8576K, reserved 1048576K
}
Event: 368.199 GC heap after
{Heap after GC invocations=1200 (full 3):
 PSYoungGen      total 4608K, used 913K [0x00000000eab00000, 0x00000000eb100000, 0x0000000100000000)
  eden space 2560K, 0% used [0x00000000eab00000,0x00000000eab00000,0x00000000ead80000)
  from space 2048K, 44% used [0x00000000ead80000,0x00000000eae64508,0x00000000eaf80000)
  to   space 1536K, 0% used [0x00000000eaf80000,0x00000000eaf80000,0x00000000eb100000)
 ParOldGen       total 689152K, used 689129K [0x00000000c0000000, 0x00000000ea100000, 0x00000000eab00000)
  object space 689152K, 99% used [0x00000000c0000000,0x00000000ea0fa5f0,0x00000000ea100000)
 Metaspace       used 76879K, committed 78464K, reserved 1179648K
  class space    used 7910K, committed 8576K, reserved 1048576K
}
Event: 369.170 GC heap before
{Heap before GC invocations=1201 (full 3):
 PSYoungGen      total 4608K, used 3473K [0x00000000eab00000, 0x00000000eb100000, 0x0000000100000000)
  eden space 2560K, 99% used [0x00000000eab00000,0x00000000ead7ffd8,0x00000000ead80000)
  from space 2048K, 44% used [0x00000000ead80000,0x00000000eae64508,0x00000000eaf80000)
  to   space 1536K, 0% used [0x00000000eaf80000,0x00000000eaf80000,0x00000000eb100000)
 ParOldGen       total 689152K, used 689129K [0x00000000c0000000, 0x00000000ea100000, 0x00000000eab00000)
  object space 689152K, 99% used [0x00000000c0000000,0x00000000ea0fa5f0,0x00000000ea100000)
 Metaspace       used 76880K, committed 78464K, reserved 1179648K
  class space    used 7910K, committed 8576K, reserved 1048576K
}
Event: 369.179 GC heap after
{Heap after GC invocations=1201 (full 3):
 PSYoungGen      total 3584K, used 1505K [0x00000000eab00000, 0x00000000eb280000, 0x0000000100000000)
  eden space 2048K, 0% used [0x00000000eab00000,0x00000000eab00000,0x00000000ead00000)
  from space 1536K, 98% used [0x00000000eaf80000,0x00000000eb0f8630,0x00000000eb100000)
  to   space 2560K, 0% used [0x00000000ead00000,0x00000000ead00000,0x00000000eaf80000)
 ParOldGen       total 690176K, used 689829K [0x00000000c0000000, 0x00000000ea200000, 0x00000000eab00000)
  object space 690176K, 99% used [0x00000000c0000000,0x00000000ea1a94e0,0x00000000ea200000)
 Metaspace       used 76880K, committed 78464K, reserved 1179648K
  class space    used 7910K, committed 8576K, reserved 1048576K
}
Event: 369.241 GC heap before
{Heap before GC invocations=1202 (full 3):
 PSYoungGen      total 3584K, used 3553K [0x00000000eab00000, 0x00000000eb280000, 0x0000000100000000)
  eden space 2048K, 100% used [0x00000000eab00000,0x00000000ead00000,0x00000000ead00000)
  from space 1536K, 98% used [0x00000000eaf80000,0x00000000eb0f8630,0x00000000eb100000)
  to   space 2560K, 0% used [0x00000000ead00000,0x00000000ead00000,0x00000000eaf80000)
 ParOldGen       total 690176K, used 689829K [0x00000000c0000000, 0x00000000ea200000, 0x00000000eab00000)
  object space 690176K, 99% used [0x00000000c0000000,0x00000000ea1a94e0,0x00000000ea200000)
 Metaspace       used 76880K, committed 78464K, reserved 1179648K
  class space    used 7910K, committed 8576K, reserved 1048576K
}
Event: 369.247 GC heap after
{Heap after GC invocations=1202 (full 3):
 PSYoungGen      total 4608K, used 2016K [0x00000000eab00000, 0x00000000eb200000, 0x0000000100000000)
  eden space 2048K, 0% used [0x00000000eab00000,0x00000000eab00000,0x00000000ead00000)
  from space 2560K, 78% used [0x00000000ead00000,0x00000000eaef8000,0x00000000eaf80000)
  to   space 2560K, 0% used [0x00000000eaf80000,0x00000000eaf80000,0x00000000eb200000)
 ParOldGen       total 691712K, used 691319K [0x00000000c0000000, 0x00000000ea380000, 0x00000000eab00000)
  object space 691712K, 99% used [0x00000000c0000000,0x00000000ea31dd80,0x00000000ea380000)
 Metaspace       used 76880K, committed 78464K, reserved 1179648K
  class space    used 7910K, committed 8576K, reserved 1048576K
}
Event: 369.336 GC heap before
{Heap before GC invocations=1203 (full 3):
 PSYoungGen      total 4608K, used 4064K [0x00000000eab00000, 0x00000000eb200000, 0x0000000100000000)
  eden space 2048K, 100% used [0x00000000eab00000,0x00000000ead00000,0x00000000ead00000)
  from space 2560K, 78% used [0x00000000ead00000,0x00000000eaef8000,0x00000000eaf80000)
  to   space 2560K, 0% used [0x00000000eaf80000,0x00000000eaf80000,0x00000000eb200000)
 ParOldGen       total 691712K, used 691319K [0x00000000c0000000, 0x00000000ea380000, 0x00000000eab00000)
  object space 691712K, 99% used [0x00000000c0000000,0x00000000ea31dd80,0x00000000ea380000)
 Metaspace       used 76881K, committed 78464K, reserved 1179648K
  class space    used 7911K, committed 8576K, reserved 1048576K
}
Event: 369.343 GC heap after
{Heap after GC invocations=1203 (full 3):
 PSYoungGen      total 4096K, used 1952K [0x00000000eab00000, 0x00000000eb180000, 0x0000000100000000)
  eden space 2048K, 0% used [0x00000000eab00000,0x00000000eab00000,0x00000000ead00000)
  from space 2048K, 95% used [0x00000000eaf80000,0x00000000eb168000,0x00000000eb180000)
  to   space 2048K, 0% used [0x00000000ead80000,0x00000000ead80000,0x00000000eaf80000)
 ParOldGen       total 693760K, used 693270K [0x00000000c0000000, 0x00000000ea580000, 0x00000000eab00000)
  object space 693760K, 99% used [0x00000000c0000000,0x00000000ea505be8,0x00000000ea580000)
 Metaspace       used 76881K, committed 78464K, reserved 1179648K
  class space    used 7911K, committed 8576K, reserved 1048576K
}
Event: 369.922 GC heap before
{Heap before GC invocations=1204 (full 3):
 PSYoungGen      total 4096K, used 3999K [0x00000000eab00000, 0x00000000eb180000, 0x0000000100000000)
  eden space 2048K, 99% used [0x00000000eab00000,0x00000000eacffc78,0x00000000ead00000)
  from space 2048K, 95% used [0x00000000eaf80000,0x00000000eb168000,0x00000000eb180000)
  to   space 2048K, 0% used [0x00000000ead80000,0x00000000ead80000,0x00000000eaf80000)
 ParOldGen       total 693760K, used 693270K [0x00000000c0000000, 0x00000000ea580000, 0x00000000eab00000)
  object space 693760K, 99% used [0x00000000c0000000,0x00000000ea505be8,0x00000000ea580000)
 Metaspace       used 76903K, committed 78528K, reserved 1179648K
  class space    used 7914K, committed 8576K, reserved 1048576K
}
Event: 369.930 GC heap after
{Heap after GC invocations=1204 (full 3):
 PSYoungGen      total 4096K, used 1792K [0x00000000eab00000, 0x00000000eb100000, 0x0000000100000000)
  eden space 2048K, 0% used [0x00000000eab00000,0x00000000eab00000,0x00000000ead00000)
  from space 2048K, 87% used [0x00000000ead80000,0x00000000eaf40000,0x00000000eaf80000)
  to   space 1536K, 0% used [0x00000000eaf80000,0x00000000eaf80000,0x00000000eb100000)
 ParOldGen       total 695296K, used 695217K [0x00000000c0000000, 0x00000000ea700000, 0x00000000eab00000)
  object space 695296K, 99% used [0x00000000c0000000,0x00000000ea6ec7d8,0x00000000ea700000)
 Metaspace       used 76903K, committed 78528K, reserved 1179648K
  class space    used 7914K, committed 8576K, reserved 1048576K
}
Event: 371.098 GC heap before
{Heap before GC invocations=1205 (full 3):
 PSYoungGen      total 4096K, used 3838K [0x00000000eab00000, 0x00000000eb100000, 0x0000000100000000)
  eden space 2048K, 99% used [0x00000000eab00000,0x00000000eacff9b8,0x00000000ead00000)
  from space 2048K, 87% used [0x00000000ead80000,0x00000000eaf40000,0x00000000eaf80000)
  to   space 1536K, 0% used [0x00000000eaf80000,0x00000000eaf80000,0x00000000eb100000)
 ParOldGen       total 695296K, used 695217K [0x00000000c0000000, 0x00000000ea700000, 0x00000000eab00000)
  object space 695296K, 99% used [0x00000000c0000000,0x00000000ea6ec7d8,0x00000000ea700000)
 Metaspace       used 77191K, committed 78848K, reserved 1179648K
  class space    used 7938K, committed 8640K, reserved 1048576K
}
Event: 371.130 GC heap after
{Heap after GC invocations=1205 (full 3):
 PSYoungGen      total 2560K, used 128K [0x00000000eab00000, 0x00000000eb000000, 0x0000000100000000)
  eden space 2048K, 0% used [0x00000000eab00000,0x00000000eab00000,0x00000000ead00000)
  from space 512K, 25% used [0x00000000eaf80000,0x00000000eafa0000,0x00000000eb000000)
  to   space 1024K, 0% used [0x00000000eae00000,0x00000000eae00000,0x00000000eaf00000)
 ParOldGen       total 697344K, used 696976K [0x00000000c0000000, 0x00000000ea900000, 0x00000000eab00000)
  object space 697344K, 99% used [0x00000000c0000000,0x00000000ea8a4278,0x00000000ea900000)
 Metaspace       used 77191K, committed 78848K, reserved 1179648K
  class space    used 7938K, committed 8640K, reserved 1048576K
}

